<?xml version="1.0" encoding="UTF-8"?>
<!-- Generated by org.testng.reporters.JUnitReportReporter -->
<testsuite skipped="0" hostname="DESKTOP-8SKO70U" name="basicUnitTest.UnitTestPrint" tests="1" failures="0" timestamp="13 Jun 2019 07:29:56 GMT" time="0.060" errors="0">
  <testcase name="printMsg" time="0.060" classname="basicUnitTest.UnitTestPrint"/>
</testsuite> <!-- basicUnitTest.UnitTestPrint -->
