<?xml version="1.0" encoding="UTF-8"?>
<!-- Generated by org.testng.reporters.JUnitReportReporter -->
<testsuite hostname="DESKTOP-8SKO70U" name="basicUnitTest.UnitTestPrint" tests="1" failures="0" timestamp="2 Sep 2019 12:05:06 GMT" time="0.074" errors="0">
  <testcase name="printMsg" time="0.074" classname="basicUnitTest.UnitTestPrint"/>
</testsuite>
